<?xml version="1.0" encoding="UTF-8"?>
<testsuites name="Amazon_Test_Suite_DDT" time="160.521" tests="1" failures="0" errors="1">
   <testsuite name="Amazon_Test_Suite_DDT" tests="1" failures="0" errors="1" time="160.521" skipped="0" timestamp="2024-01-31 17:41:13" hostname="Rishi - Rishi" id="Test Suites/Amazon/Amazon_Test_Suite_DDT">
      <properties>
         <property name="deviceName" value=""/>
         <property name="devicePlatform" value=""/>
         <property name="logFolder" value="C:\\Users\\Rishi\\git\\Katalon_Automation_Testing_SB_GITHub\\Reports\\20240131_174108\\Amazon\\Amazon_Test_Suite_DDT\\20240131_174108"/>
         <property name="logFiles" value="C:\\Users\\Rishi\\git\\Katalon_Automation_Testing_SB_GITHub\\Reports\\20240131_174108\\Amazon\\Amazon_Test_Suite_DDT\\20240131_174108\\execution0.log"/>
         <property name="attachments" value=""/>
         <property name="hostName" value="Rishi - Rishi"/>
         <property name="os" value="Windows 11 64bit"/>
         <property name="katalonVersion" value="8.6.8.208"/>
         <property name="browser" value="Chrome 121.0.0.0"/>
         <property name="hostAddress" value="192.168.56.1"/>
         <property name="sessionId" value="c7beee436ff0135f9ef9914839c7f8cf"/>
         <property name="seleniumVersion" value="3.141.59"/>
         <property name="proxyInformation" value="ProxyInformation { proxyOption=NO_PROXY, proxyServerType=HTTP, username=, password=********, proxyServerAddress=, proxyServerPort=0, executionList=&quot;&quot;, isApplyToDesiredCapabilities=true }"/>
         <property name="platform" value="Windows 11"/>
      </properties>
      <testcase name="Test Cases/Amazon_Home/TC_AMAZON_HOME_VALIDATE_SIGN_IN-002" time="27.516" classname="Test Cases/Amazon_Home/TC_AMAZON_HOME_VALIDATE_SIGN_IN-002" status="ERROR">
         <error type="ERROR" message="Test Cases/Amazon_Home/TC_AMAZON_HOME_VALIDATE_SIGN_IN-002 FAILED.
Reason:
groovy.lang.MissingPropertyException: No such property: mobileno for class: Script1705484519956
	at TC_AMAZON_HOME_VALIDATE_SIGN_IN-002.run(TC_AMAZON_HOME_VALIDATE_SIGN_IN-002:26)
	at com.kms.katalon.core.main.ScriptEngine.run(ScriptEngine.java:194)
	at com.kms.katalon.core.main.ScriptEngine.runScriptAsRawText(ScriptEngine.java:119)
	at com.kms.katalon.core.main.TestCaseExecutor.runScript(TestCaseExecutor.java:448)
	at com.kms.katalon.core.main.TestCaseExecutor.doExecute(TestCaseExecutor.java:439)
	at com.kms.katalon.core.main.TestCaseExecutor.processExecutionPhase(TestCaseExecutor.java:418)
	at com.kms.katalon.core.main.TestCaseExecutor.accessMainPhase(TestCaseExecutor.java:410)
	at com.kms.katalon.core.main.TestCaseExecutor.execute(TestCaseExecutor.java:285)
	at com.kms.katalon.core.main.TestCaseExecutor.execute(TestCaseExecutor.java:369)
	at com.kms.katalon.core.main.TestCaseExecutor.execute(TestCaseExecutor.java:369)
	at com.kms.katalon.core.main.TestCaseExecutor.execute(TestCaseExecutor.java:369)
	at com.kms.katalon.core.common.CommonExecutor.accessTestCaseMainPhase(CommonExecutor.java:65)
	at com.kms.katalon.core.main.TestSuiteExecutor.accessTestSuiteMainPhase(TestSuiteExecutor.java:148)
	at com.kms.katalon.core.main.TestSuiteExecutor.execute(TestSuiteExecutor.java:106)
	at com.kms.katalon.core.main.TestCaseMain.startTestSuite(TestCaseMain.java:187)
	at com.kms.katalon.core.main.TestCaseMain$startTestSuite$0.call(Unknown Source)
	at TempTestSuite1706703068662.run(TempTestSuite1706703068662.groovy:36)
"/>
         <system-out><![CDATA[2024-01-31 17:43:26 - [TEST_CASE][ERROR] - Test Cases/Amazon_Home/TC_AMAZON_HOME_VALIDATE_SIGN_IN-002: Test Cases/Amazon_Home/TC_AMAZON_HOME_VALIDATE_SIGN_IN-002 FAILED.
Reason:
groovy.lang.MissingPropertyException: No such property: mobileno for class: Script1705484519956
	at TC_AMAZON_HOME_VALIDATE_SIGN_IN-002.run(TC_AMAZON_HOME_VALIDATE_SIGN_IN-002:26)
	at com.kms.katalon.core.main.ScriptEngine.run(ScriptEngine.java:194)
	at com.kms.katalon.core.main.ScriptEngine.runScriptAsRawText(ScriptEngine.java:119)
	at com.kms.katalon.core.main.TestCaseExecutor.runScript(TestCaseExecutor.java:448)
	at com.kms.katalon.core.main.TestCaseExecutor.doExecute(TestCaseExecutor.java:439)
	at com.kms.katalon.core.main.TestCaseExecutor.processExecutionPhase(TestCaseExecutor.java:418)
	at com.kms.katalon.core.main.TestCaseExecutor.accessMainPhase(TestCaseExecutor.java:410)
	at com.kms.katalon.core.main.TestCaseExecutor.execute(TestCaseExecutor.java:285)
	at com.kms.katalon.core.main.TestCaseExecutor.execute(TestCaseExecutor.java:369)
	at com.kms.katalon.core.main.TestCaseExecutor.execute(TestCaseExecutor.java:369)
	at com.kms.katalon.core.main.TestCaseExecutor.execute(TestCaseExecutor.java:369)
	at com.kms.katalon.core.common.CommonExecutor.accessTestCaseMainPhase(CommonExecutor.java:65)
	at com.kms.katalon.core.main.TestSuiteExecutor.accessTestSuiteMainPhase(TestSuiteExecutor.java:148)
	at com.kms.katalon.core.main.TestSuiteExecutor.execute(TestSuiteExecutor.java:106)
	at com.kms.katalon.core.main.TestCaseMain.startTestSuite(TestCaseMain.java:187)
	at com.kms.katalon.core.main.TestCaseMain$startTestSuite$0.call(Unknown Source)
	at TempTestSuite1706703068662.run(TempTestSuite1706703068662.groovy:36)


2024-01-31 17:43:26 - [TEST_STEP][PASSED] - Start listener action : sampleBeforeTestCase: Navigate to 'https://www.amazon.com/' successfully

2024-01-31 17:43:26 - [TEST_STEP][PASSED] - openBrowser(""): Browser is opened with url: ''

2024-01-31 17:43:26 - [MESSAGE][INFO] - Starting 'Chrome' driver

2024-01-31 17:43:26 - [MESSAGE][INFO] - Action delay is set to 0 milliseconds

2024-01-31 17:43:28 - [MESSAGE][PASSED] - Browser is opened with url: ''

2024-01-31 17:43:28 - [TEST_STEP][PASSED] - navigateToUrl("https://www.amazon.com/"): Navigate to 'https://www.amazon.com/' successfully

2024-01-31 17:43:31 - [MESSAGE][PASSED] - Navigate to 'https://www.amazon.com/' successfully

2024-01-31 17:43:31 - [TEST_STEP][PASSED] - openBrowser(""): Browser is opened with url: ''

2024-01-31 17:43:31 - [MESSAGE][WARNING] - A browser is already opened. Closing browser and opening a new one

2024-01-31 17:43:31 - [MESSAGE][INFO] - Starting 'Chrome' driver

2024-01-31 17:43:31 - [MESSAGE][INFO] - Action delay is set to 0 milliseconds

2024-01-31 17:43:33 - [MESSAGE][PASSED] - Browser is opened with url: ''

2024-01-31 17:43:33 - [TEST_STEP][PASSED] - navigateToUrl("http://www.amazon.com"): Navigate to 'http://www.amazon.com' successfully

2024-01-31 17:43:34 - [MESSAGE][PASSED] - Navigate to 'http://www.amazon.com' successfully

2024-01-31 17:43:34 - [TEST_STEP][PASSED] - click(findTestObject("Amazon_OR/Page_Amazon Registration/Page_Amazon.com. Spend less. Smile more/span_Hello, sign in")): Object: 'Object Repository/Amazon_OR/Page_Amazon Registration/Page_Amazon.com. Spend less. Smile more/span_Hello, sign in' is clicked on

2024-01-31 17:43:53 - [MESSAGE][PASSED] - Object: 'Object Repository/Amazon_OR/Page_Amazon Registration/Page_Amazon.com. Spend less. Smile more/span_Hello, sign in' is clicked on

2024-01-31 17:43:53 - [TEST_STEP][ERROR] - setText(findTestObject("Amazon_OR/Page_Amazon Sign-In/input_Email or mobile phone number_email"), mobileno): Test Cases/Amazon_Home/TC_AMAZON_HOME_VALIDATE_SIGN_IN-002 FAILED.
Reason:
groovy.lang.MissingPropertyException: No such property: mobileno for class: Script1705484519956
	at TC_AMAZON_HOME_VALIDATE_SIGN_IN-002.run(TC_AMAZON_HOME_VALIDATE_SIGN_IN-002:26)
	at com.kms.katalon.core.main.ScriptEngine.run(ScriptEngine.java:194)
	at com.kms.katalon.core.main.ScriptEngine.runScriptAsRawText(ScriptEngine.java:119)
	at com.kms.katalon.core.main.TestCaseExecutor.runScript(TestCaseExecutor.java:448)
	at com.kms.katalon.core.main.TestCaseExecutor.doExecute(TestCaseExecutor.java:439)
	at com.kms.katalon.core.main.TestCaseExecutor.processExecutionPhase(TestCaseExecutor.java:418)
	at com.kms.katalon.core.main.TestCaseExecutor.accessMainPhase(TestCaseExecutor.java:410)
	at com.kms.katalon.core.main.TestCaseExecutor.execute(TestCaseExecutor.java:285)
	at com.kms.katalon.core.main.TestCaseExecutor.execute(TestCaseExecutor.java:369)
	at com.kms.katalon.core.main.TestCaseExecutor.execute(TestCaseExecutor.java:369)
	at com.kms.katalon.core.main.TestCaseExecutor.execute(TestCaseExecutor.java:369)
	at com.kms.katalon.core.common.CommonExecutor.accessTestCaseMainPhase(CommonExecutor.java:65)
	at com.kms.katalon.core.main.TestSuiteExecutor.accessTestSuiteMainPhase(TestSuiteExecutor.java:148)
	at com.kms.katalon.core.main.TestSuiteExecutor.execute(TestSuiteExecutor.java:106)
	at com.kms.katalon.core.main.TestCaseMain.startTestSuite(TestCaseMain.java:187)
	at com.kms.katalon.core.main.TestCaseMain$startTestSuite$0.call(Unknown Source)
	at TempTestSuite1706703068662.run(TempTestSuite1706703068662.groovy:36)


2024-01-31 17:43:53 - [MESSAGE][ERROR] - Test Cases/Amazon_Home/TC_AMAZON_HOME_VALIDATE_SIGN_IN-002 FAILED.
Reason:
groovy.lang.MissingPropertyException: No such property: mobileno for class: Script1705484519956
	at TC_AMAZON_HOME_VALIDATE_SIGN_IN-002.run(TC_AMAZON_HOME_VALIDATE_SIGN_IN-002:26)
	at com.kms.katalon.core.main.ScriptEngine.run(ScriptEngine.java:194)
	at com.kms.katalon.core.main.ScriptEngine.runScriptAsRawText(ScriptEngine.java:119)
	at com.kms.katalon.core.main.TestCaseExecutor.runScript(TestCaseExecutor.java:448)
	at com.kms.katalon.core.main.TestCaseExecutor.doExecute(TestCaseExecutor.java:439)
	at com.kms.katalon.core.main.TestCaseExecutor.processExecutionPhase(TestCaseExecutor.java:418)
	at com.kms.katalon.core.main.TestCaseExecutor.accessMainPhase(TestCaseExecutor.java:410)
	at com.kms.katalon.core.main.TestCaseExecutor.execute(TestCaseExecutor.java:285)
	at com.kms.katalon.core.main.TestCaseExecutor.execute(TestCaseExecutor.java:369)
	at com.kms.katalon.core.main.TestCaseExecutor.execute(TestCaseExecutor.java:369)
	at com.kms.katalon.core.main.TestCaseExecutor.execute(TestCaseExecutor.java:369)
	at com.kms.katalon.core.common.CommonExecutor.accessTestCaseMainPhase(CommonExecutor.java:65)
	at com.kms.katalon.core.main.TestSuiteExecutor.accessTestSuiteMainPhase(TestSuiteExecutor.java:148)
	at com.kms.katalon.core.main.TestSuiteExecutor.execute(TestSuiteExecutor.java:106)
	at com.kms.katalon.core.main.TestCaseMain.startTestSuite(TestCaseMain.java:187)
	at com.kms.katalon.core.main.TestCaseMain$startTestSuite$0.call(Unknown Source)
	at TempTestSuite1706703068662.run(TempTestSuite1706703068662.groovy:36)


2024-01-31 17:43:53 - [TEST_STEP][PASSED] - Start listener action : sampleAfterTestCase: Browser is closed

2024-01-31 17:43:53 - [TEST_STEP][PASSED] - closeBrowser(): Browser is closed

2024-01-31 17:43:54 - [MESSAGE][PASSED] - Browser is closed]]></system-out>
         <system-err><![CDATA[2024-01-31 17:43:26 - [TEST_CASE][ERROR] - Test Cases/Amazon_Home/TC_AMAZON_HOME_VALIDATE_SIGN_IN-002: Test Cases/Amazon_Home/TC_AMAZON_HOME_VALIDATE_SIGN_IN-002 FAILED.
Reason:
groovy.lang.MissingPropertyException: No such property: mobileno for class: Script1705484519956
	at TC_AMAZON_HOME_VALIDATE_SIGN_IN-002.run(TC_AMAZON_HOME_VALIDATE_SIGN_IN-002:26)
	at com.kms.katalon.core.main.ScriptEngine.run(ScriptEngine.java:194)
	at com.kms.katalon.core.main.ScriptEngine.runScriptAsRawText(ScriptEngine.java:119)
	at com.kms.katalon.core.main.TestCaseExecutor.runScript(TestCaseExecutor.java:448)
	at com.kms.katalon.core.main.TestCaseExecutor.doExecute(TestCaseExecutor.java:439)
	at com.kms.katalon.core.main.TestCaseExecutor.processExecutionPhase(TestCaseExecutor.java:418)
	at com.kms.katalon.core.main.TestCaseExecutor.accessMainPhase(TestCaseExecutor.java:410)
	at com.kms.katalon.core.main.TestCaseExecutor.execute(TestCaseExecutor.java:285)
	at com.kms.katalon.core.main.TestCaseExecutor.execute(TestCaseExecutor.java:369)
	at com.kms.katalon.core.main.TestCaseExecutor.execute(TestCaseExecutor.java:369)
	at com.kms.katalon.core.main.TestCaseExecutor.execute(TestCaseExecutor.java:369)
	at com.kms.katalon.core.common.CommonExecutor.accessTestCaseMainPhase(CommonExecutor.java:65)
	at com.kms.katalon.core.main.TestSuiteExecutor.accessTestSuiteMainPhase(TestSuiteExecutor.java:148)
	at com.kms.katalon.core.main.TestSuiteExecutor.execute(TestSuiteExecutor.java:106)
	at com.kms.katalon.core.main.TestCaseMain.startTestSuite(TestCaseMain.java:187)
	at com.kms.katalon.core.main.TestCaseMain$startTestSuite$0.call(Unknown Source)
	at TempTestSuite1706703068662.run(TempTestSuite1706703068662.groovy:36)]]></system-err>
      </testcase>
      <system-out><![CDATA[2024-01-31 17:41:13 - [TEST_SUITE][ERROR] - Amazon_Test_Suite_DDT: Test Cases/Amazon_Home/TC_AMAZON_HOME_VALIDATE_SIGN_IN-002 FAILED.
Reason:
groovy.lang.MissingPropertyException: No such property: mobileno for class: Script1705484519956
	at TC_AMAZON_HOME_VALIDATE_SIGN_IN-002.run(TC_AMAZON_HOME_VALIDATE_SIGN_IN-002:26)
	at com.kms.katalon.core.main.ScriptEngine.run(ScriptEngine.java:194)
	at com.kms.katalon.core.main.ScriptEngine.runScriptAsRawText(ScriptEngine.java:119)
	at com.kms.katalon.core.main.TestCaseExecutor.runScript(TestCaseExecutor.java:448)
	at com.kms.katalon.core.main.TestCaseExecutor.doExecute(TestCaseExecutor.java:439)
	at com.kms.katalon.core.main.TestCaseExecutor.processExecutionPhase(TestCaseExecutor.java:418)
	at com.kms.katalon.core.main.TestCaseExecutor.accessMainPhase(TestCaseExecutor.java:410)
	at com.kms.katalon.core.main.TestCaseExecutor.execute(TestCaseExecutor.java:285)
	at com.kms.katalon.core.common.CommonExecutor.accessTestCaseMainPhase(CommonExecutor.java:65)
	at com.kms.katalon.core.main.TestSuiteExecutor.accessTestSuiteMainPhase(TestSuiteExecutor.java:148)
	at com.kms.katalon.core.main.TestSuiteExecutor.execute(TestSuiteExecutor.java:106)
	at com.kms.katalon.core.main.TestCaseMain.startTestSuite(TestCaseMain.java:187)
	at com.kms.katalon.core.main.TestCaseMain$startTestSuite$0.call(Unknown Source)
	at TempTestSuite1706703068662.run(TempTestSuite1706703068662.groovy:36)]]></system-out>
      <system-err><![CDATA[2024-01-31 17:41:13 - [TEST_SUITE][ERROR] - Amazon_Test_Suite_DDT: Test Cases/Amazon_Home/TC_AMAZON_HOME_VALIDATE_SIGN_IN-002 FAILED.
Reason:
groovy.lang.MissingPropertyException: No such property: mobileno for class: Script1705484519956
	at TC_AMAZON_HOME_VALIDATE_SIGN_IN-002.run(TC_AMAZON_HOME_VALIDATE_SIGN_IN-002:26)
	at com.kms.katalon.core.main.ScriptEngine.run(ScriptEngine.java:194)
	at com.kms.katalon.core.main.ScriptEngine.runScriptAsRawText(ScriptEngine.java:119)
	at com.kms.katalon.core.main.TestCaseExecutor.runScript(TestCaseExecutor.java:448)
	at com.kms.katalon.core.main.TestCaseExecutor.doExecute(TestCaseExecutor.java:439)
	at com.kms.katalon.core.main.TestCaseExecutor.processExecutionPhase(TestCaseExecutor.java:418)
	at com.kms.katalon.core.main.TestCaseExecutor.accessMainPhase(TestCaseExecutor.java:410)
	at com.kms.katalon.core.main.TestCaseExecutor.execute(TestCaseExecutor.java:285)
	at com.kms.katalon.core.common.CommonExecutor.accessTestCaseMainPhase(CommonExecutor.java:65)
	at com.kms.katalon.core.main.TestSuiteExecutor.accessTestSuiteMainPhase(TestSuiteExecutor.java:148)
	at com.kms.katalon.core.main.TestSuiteExecutor.execute(TestSuiteExecutor.java:106)
	at com.kms.katalon.core.main.TestCaseMain.startTestSuite(TestCaseMain.java:187)
	at com.kms.katalon.core.main.TestCaseMain$startTestSuite$0.call(Unknown Source)
	at TempTestSuite1706703068662.run(TempTestSuite1706703068662.groovy:36)]]></system-err>
   </testsuite>
</testsuites>
